Using pre-set license
Built from '2020.3/staging' branch; Version is '2020.3.11f1 (99c7afb366b3) revision 10078127'; Using compiler version '192528614'; Build Type 'Release'
OS: 'Windows 10 Pro; OS build 19042.1052; Version 2009; 64bit' Language: 'en' Physical Memory: 16367 MB
BatchMode: 1, IsHumanControllingUs: 0, StartBugReporterOnCrash: 0, Is64bit: 1, IsPro: 0

 COMMAND LINE ARGUMENTS:
C:\Program Files\Unity\Hub\Editor\2020.3.11f1\Editor\Unity.exe
-adb2
-batchMode
-noUpm
-name
AssetImportWorker0
-projectPath
C:/Users/Nguyen Luong/Documents/GitHub/Shooter2d
-logFile
Logs/AssetImportWorker0.log
-srvPort
56410
Successfully changed project path to: C:/Users/Nguyen Luong/Documents/GitHub/Shooter2d
C:/Users/Nguyen Luong/Documents/GitHub/Shooter2d
Using Asset Import Pipeline V2.
Refreshing native plugins compatible for Editor in 126.81 ms, found 2 plugins.
Preloading 0 native plugins for Editor in 0.00 ms.
Initialize engine version: 2020.3.11f1 (99c7afb366b3)
[Subsystems] Discovering subsystems at path C:/Program Files/Unity/Hub/Editor/2020.3.11f1/Editor/Data/Resources/UnitySubsystems
[Subsystems] Discovering subsystems at path C:/Users/Nguyen Luong/Documents/GitHub/Shooter2d/Assets
GfxDevice: creating device client; threaded=0
Direct3D:
    Version:  Direct3D 11.0 [level 11.0]
    Renderer: NVIDIA Quadro 600 (ID=0xdf8)
    Vendor:   
    VRAM:     979 MB
    Driver:   21.21.13.7783
Initialize mono
Mono path[0] = 'C:/Program Files/Unity/Hub/Editor/2020.3.11f1/Editor/Data/Managed'
Mono path[1] = 'C:/Program Files/Unity/Hub/Editor/2020.3.11f1/Editor/Data/MonoBleedingEdge/lib/mono/unityjit'
Mono config path = 'C:/Program Files/Unity/Hub/Editor/2020.3.11f1/Editor/Data/MonoBleedingEdge/etc'
Using monoOptions --debugger-agent=transport=dt_socket,embedding=1,server=y,suspend=n,address=127.0.0.1:56124
Begin MonoManager ReloadAssembly
Registering precompiled unity dll's ...
Register platform support module: C:/Program Files/Unity/Hub/Editor/2020.3.11f1/Editor/Data/PlaybackEngines/WindowsStandaloneSupport/UnityEditor.WindowsStandalone.Extensions.dll
Registered in 0.004441 seconds.
Native extension for WindowsStandalone target not found
Refreshing native plugins compatible for Editor in 96.02 ms, found 2 plugins.
Preloading 0 native plugins for Editor in 0.00 ms.
Mono: successfully reloaded assembly
- Completed reload, in  2.343 seconds
Platform modules already initialized, skipping
Registering precompiled user dll's ...
Registered in 0.010288 seconds.
Begin MonoManager ReloadAssembly
Native extension for WindowsStandalone target not found
Refreshing native plugins compatible for Editor in 1.37 ms, found 2 plugins.
Preloading 0 native plugins for Editor in 0.00 ms.
Mono: successfully reloaded assembly
- Completed reload, in  2.291 seconds
Platform modules already initialized, skipping
========================================================================
Worker process is ready to serve import requests
Launched and connected shader compiler UnityShaderCompiler.exe after 0.08 seconds
Refreshing native plugins compatible for Editor in 1.25 ms, found 2 plugins.
Preloading 0 native plugins for Editor in 0.00 ms.
Unloading 1950 Unused Serialized files (Serialized files now loaded: 0)
System memory in use before: 81.8 MB.
System memory in use after: 81.9 MB.

Unloading 58 unused Assets to reduce memory usage. Loaded Objects now: 2353.
Total: 10.923700 ms (FindLiveObjects: 0.288200 ms CreateObjectMapping: 0.141800 ms MarkObjects: 10.318200 ms  DeleteObjects: 0.173000 ms)

========================================================================
Received Import Request.
  path: Assets/Script/Shredder.cs
  artifactKey: Guid(9eb109cfeb772504794fb5bc49a3829c) Importer(815301076,1909f56bfc062723c751e8b465ee728b)
Start importing Assets/Script/Shredder.cs using Guid(9eb109cfeb772504794fb5bc49a3829c) Importer(815301076,1909f56bfc062723c751e8b465ee728b)  -> (artifact id: '36f0669b3bbfdfb73747bb07930dd7bb') in 0.055144 seconds
  Import took 0.060768 seconds .

========================================================================
Received Import Request.
  Time since last request: 0.000447 seconds.
  path: Assets/Script/WaveConfig.cs
  artifactKey: Guid(2254ce4712538724188c690fabeda92e) Importer(815301076,1909f56bfc062723c751e8b465ee728b)
Start importing Assets/Script/WaveConfig.cs using Guid(2254ce4712538724188c690fabeda92e) Importer(815301076,1909f56bfc062723c751e8b465ee728b)  -> (artifact id: 'b4a179a013c5969e44a20f8295973802') in 0.013180 seconds
  Import took 0.018444 seconds .

========================================================================
Received Import Request.
  Time since last request: 0.000357 seconds.
  path: Assets/Script/LevelExit.cs
  artifactKey: Guid(9d7466214f10c374092f4edd9bc04111) Importer(815301076,1909f56bfc062723c751e8b465ee728b)
Start importing Assets/Script/LevelExit.cs using Guid(9d7466214f10c374092f4edd9bc04111) Importer(815301076,1909f56bfc062723c751e8b465ee728b)  -> (artifact id: '278b86b53aa65d021179a20e6be7930b') in 0.011476 seconds
  Import took 0.016006 seconds .

========================================================================
Received Import Request.
  Time since last request: 0.000280 seconds.
  path: Assets/Script
  artifactKey: Guid(dde148b14d7e5194f8cb387d249ea72c) Importer(815301076,1909f56bfc062723c751e8b465ee728b)
Start importing Assets/Script using Guid(dde148b14d7e5194f8cb387d249ea72c) Importer(815301076,1909f56bfc062723c751e8b465ee728b)  -> (artifact id: '351e66558cb48de35ab91ba3fa18e0c2') in 0.010892 seconds
  Import took 0.015208 seconds .

========================================================================
Received Import Request.
  Time since last request: 0.000274 seconds.
  path: Assets/Script/EnemySpawner.cs
  artifactKey: Guid(a0ed55e63af230f45b63262fe9bccbfb) Importer(815301076,1909f56bfc062723c751e8b465ee728b)
Start importing Assets/Script/EnemySpawner.cs using Guid(a0ed55e63af230f45b63262fe9bccbfb) Importer(815301076,1909f56bfc062723c751e8b465ee728b)  -> (artifact id: 'c4287a3d0ad96523ada9f3a39d5ff800') in 0.010391 seconds
  Import took 0.014769 seconds .

========================================================================
Received Import Request.
  Time since last request: 0.000394 seconds.
  path: Assets/Script/Player.cs
  artifactKey: Guid(267521d7b3ca49c48960921b4e1bdec5) Importer(815301076,1909f56bfc062723c751e8b465ee728b)
Start importing Assets/Script/Player.cs using Guid(267521d7b3ca49c48960921b4e1bdec5) Importer(815301076,1909f56bfc062723c751e8b465ee728b)  -> (artifact id: 'cba82b0cffeb24bef3843534272f14e2') in 0.010335 seconds
  Import took 0.014763 seconds .

========================================================================
Received Import Request.
  Time since last request: 0.000380 seconds.
  path: Assets/Script/Level.cs
  artifactKey: Guid(14284037c71c6ca438c8aee577e67b92) Importer(815301076,1909f56bfc062723c751e8b465ee728b)
Start importing Assets/Script/Level.cs using Guid(14284037c71c6ca438c8aee577e67b92) Importer(815301076,1909f56bfc062723c751e8b465ee728b)  -> (artifact id: '25a8c5a701fccf40a91c1954c109ec24') in 0.010231 seconds
  Import took 0.014688 seconds .

========================================================================
Received Import Request.
  Time since last request: 111.275679 seconds.
  path: Assets/Script/WaveConfig.cs
  artifactKey: Guid(2254ce4712538724188c690fabeda92e) Importer(815301076,1909f56bfc062723c751e8b465ee728b)
Start importing Assets/Script/WaveConfig.cs using Guid(2254ce4712538724188c690fabeda92e) Importer(815301076,1909f56bfc062723c751e8b465ee728b)  -> (artifact id: 'aa21d81c7621f760bed5f87f978db3fa') in 0.003803 seconds
  Import took 0.009184 seconds .

========================================================================
Received Prepare
Registering precompiled user dll's ...
Registered in 0.010601 seconds.
Begin MonoManager ReloadAssembly
Native extension for WindowsStandalone target not found
Refreshing native plugins compatible for Editor in 1.34 ms, found 2 plugins.
Preloading 0 native plugins for Editor in 0.00 ms.
Mono: successfully reloaded assembly
- Completed reload, in  2.090 seconds
Platform modules already initialized, skipping
Refreshing native plugins compatible for Editor in 1.37 ms, found 2 plugins.
Preloading 0 native plugins for Editor in 0.00 ms.
Unloading 1933 Unused Serialized files (Serialized files now loaded: 0)
System memory in use before: 80.6 MB.
System memory in use after: 80.7 MB.

Unloading 49 unused Assets to reduce memory usage. Loaded Objects now: 2356.
Total: 9.704000 ms (FindLiveObjects: 0.344200 ms CreateObjectMapping: 0.138100 ms MarkObjects: 9.170500 ms  DeleteObjects: 0.048300 ms)

AssetImportWorkerClient::OnTransportError - code=2 error=End of file
